2020-03-31 11:24:50.848  INFO 77251 --- [main] lavalink.server.Launcher                 : 

[32m       .  [31m _                  _ _       _    [32m__ _ _
[32m      /\\ [31m| | __ ___   ____ _| (_)_ __ | | __[32m\ \ \ \
[32m     ( ( )[31m| |/ _` \ \ / / _` | | | '_ \| |/ /[32m \ \ \ \
[32m      \\/ [31m| | (_| |\ V / (_| | | | | | |   < [32m  ) ) ) )
[32m       '  [31m|_|\__,_| \_/ \__,_|_|_|_| |_|_|\_\[32m / / / /
[0m    =========================================[32m/_/_/_/[0m

	Version:        3.2.2
	Build:          961
	Build time:     19.12.2019 13:43:43 UTC
	Branch          master
	Commit:         e30891d
	Commit time:    19.12.2019 13:41:45 UTC
	JVM:            11.0.6
	Lavaplayer      1.3.32

2020-03-31 11:24:51.143  INFO 77251 --- [main] o.s.boot.SpringApplication               : 
  .   ____          _            __ _ _
 /\\ / ___'_ __ _ _(_)_ __  __ _ \ \ \ \
( ( )\___ | '_ | '_| | '_ \/ _` | \ \ \ \
 \\/  ___)| |_)| | | | | || (_| |  ) ) ) )
  '  |____| .__|_| |_|_| |_\__, | / / / /
 =========|_|==============|___/=/_/_/_/
[32m :: Spring Boot :: [39m      [2m (v2.1.8.RELEASE)[0;39m


2020-03-31 11:24:51.432  WARN 77251 --- [background-preinit] o.s.h.c.j.Jackson2ObjectMapperBuilder    : For Jackson Kotlin classes support please add "com.fasterxml.jackson.module:jackson-module-kotlin" to the classpath
2020-03-31 11:24:51.538  INFO 77251 --- [main] lavalink.server.Launcher                 : Starting Launcher on Austins-iMac.local with PID 77251 (/Users/noire/Desktop/Axiro-ALT/Lavalink.jar started by noire in /Users/noire/Desktop/Axiro-ALT)
2020-03-31 11:24:51.540  INFO 77251 --- [main] lavalink.server.Launcher                 : No active profile set, falling back to default profiles: default
2020-03-31 11:24:55.889  WARN 77251 --- [main] io.undertow.websockets.jsr               : UT026010: Buffer pool was not set on WebSocketDeploymentInfo, the default pool will be used
2020-03-31 11:24:56.008  INFO 77251 --- [main] io.undertow.servlet                      : Initializing Spring embedded WebApplicationContext
2020-03-31 11:24:56.009  INFO 77251 --- [main] o.s.web.context.ContextLoader            : Root WebApplicationContext: initialization completed in 4074 ms
2020-03-31 11:24:56.956  INFO 77251 --- [main] l.s.c.AudioSendFactoryConfiguration      : OS: Mac OS X, Arch: x86_64
2020-03-31 11:24:56.958  WARN 77251 --- [main] l.s.c.AudioSendFactoryConfiguration      : This system and architecture appears to not support native audio sending! GC pauses may cause your bot to stutter during playback.
2020-03-31 11:24:56.995  WARN 77251 --- [main] l.server.config.SentryConfiguration      : Turning off sentry
2020-03-31 11:24:58.218  INFO 77251 --- [main] c.s.d.l.tools.GarbageCollectionMonitor   : GC monitoring enabled, reporting results every 2 minutes.
2020-03-31 11:24:59.195  INFO 77251 --- [main] o.s.s.concurrent.ThreadPoolTaskExecutor  : Initializing ExecutorService 'applicationTaskExecutor'
2020-03-31 11:25:00.267  INFO 77251 --- [main] org.xnio                                 : XNIO version 3.3.8.Final
2020-03-31 11:25:00.299  INFO 77251 --- [main] org.xnio.nio                             : XNIO NIO Implementation Version 3.3.8.Final
2020-03-31 11:25:00.663  INFO 77251 --- [main] o.s.b.w.e.u.UndertowServletWebServer     : Undertow started on port(s) 1983 (http) with context path ''
2020-03-31 11:25:00.680  INFO 77251 --- [main] lavalink.server.Launcher                 : Started Launcher in 12.203 seconds (JVM running for 14.286)
2020-03-31 11:25:08.762  INFO 77251 --- [XNIO-1 task-1] io.undertow.servlet                      : Initializing Spring DispatcherServlet 'dispatcherServlet'
2020-03-31 11:25:08.763  INFO 77251 --- [XNIO-1 task-1] o.s.web.servlet.DispatcherServlet        : Initializing Servlet 'dispatcherServlet'
2020-03-31 11:25:08.808  INFO 77251 --- [XNIO-1 task-1] o.s.web.servlet.DispatcherServlet        : Completed initialization in 45 ms
2020-03-31 11:25:08.894  INFO 77251 --- [XNIO-1 task-1] l.server.io.HandshakeInterceptorImpl     : Incoming connection from /127.0.0.1:49190
2020-03-31 11:25:09.110  INFO 77251 --- [XNIO-1 task-1] c.s.d.l.tools.GarbageCollectionMonitor   : GC monitoring enabled, reporting results every 2 minutes.
2020-03-31 11:25:09.328  INFO 77251 --- [XNIO-1 task-1] lavalink.server.io.SocketServer          : Connection successfully established from /127.0.0.1:49190
2020-03-31 11:25:09.378  INFO 77251 --- [XNIO-1 I/O-4] lavalink.server.io.SocketServer          : {"op": "configureResuming", "key": "default-node", "timeout": 60}
